<?xml version="1.0" encoding="UTF-8" ?>
<testsuite tests="28" failures="0" name="com.Laxmi.tests.RunCukeTest" time="0.002" errors="0" skipped="0">
  <properties>
    <property name="java.runtime.name" value="Java(TM) SE Runtime Environment"/>
    <property name="sun.boot.library.path" value="C:\Program Files\Java\jdk1.8.0_25\jre\bin"/>
    <property name="java.vm.version" value="25.25-b02"/>
    <property name="java.vm.vendor" value="Oracle Corporation"/>
    <property name="java.vendor.url" value="http://java.oracle.com/"/>
    <property name="path.separator" value=";"/>
    <property name="guice.disable.misplaced.annotation.check" value="true"/>
    <property name="java.vm.name" value="Java HotSpot(TM) 64-Bit Server VM"/>
    <property name="file.encoding.pkg" value="sun.io"/>
    <property name="user.script" value=""/>
    <property name="user.country" value="US"/>
    <property name="sun.java.launcher" value="SUN_STANDARD"/>
    <property name="sun.os.patch.level" value="Service Pack 1"/>
    <property name="java.vm.specification.name" value="Java Virtual Machine Specification"/>
    <property name="user.dir" value="C:\Users\DESKTOP\workspace\TestArtifact"/>
    <property name="java.runtime.version" value="1.8.0_25-b18"/>
    <property name="java.awt.graphicsenv" value="sun.awt.Win32GraphicsEnvironment"/>
    <property name="java.endorsed.dirs" value="C:\Program Files\Java\jdk1.8.0_25\jre\lib\endorsed"/>
    <property name="os.arch" value="amd64"/>
    <property name="java.io.tmpdir" value="C:\Users\DESKTOP\AppData\Local\Temp\"/>
    <property name="line.separator" value="
"/>
    <property name="java.vm.specification.vendor" value="Oracle Corporation"/>
    <property name="user.variant" value=""/>
    <property name="os.name" value="Windows 7"/>
    <property name="classworlds.conf" value="C:\Users\DESKTOP\workspace\.metadata\.plugins\org.eclipse.m2e.launching\launches\m2conf6907083248500367275.tmp"/>
    <property name="sun.jnu.encoding" value="Cp1252"/>
    <property name="java.library.path" value="C:\Program Files\Java\jdk1.8.0_25\bin;C:\Windows\Sun\Java\bin;C:\Windows\system32;C:\Windows;C:/Program Files/Java/jre1.8.0_25/bin/server;C:/Program Files/Java/jre1.8.0_25/bin;C:/Program Files/Java/jre1.8.0_25/lib/amd64;C:\ProgramData\Oracle\Java\javapath;C:\Program Files (x86)\PC Connectivity Solution\;C:\Program Files (x86)\Microsoft DirectX SDK (April 2007)\Utilities\Bin\x86;C:\Windows\system32;C:\Windows;C:\Windows\System32\Wbem;C:\Windows\System32\WindowsPowerShell\v1.0\;C:\Program Files\Intel\Intel(R) Management Engine Components\DAL;C:\Program Files\Intel\Intel(R) Management Engine Components\IPT;C:\Program Files (x86)\Intel\Intel(R) Management Engine Components\DAL;C:\Program Files (x86)\Intel\Intel(R) Management Engine Components\IPT;C:\Program Files\Microsoft\Web Platform Installer\;C:\Program Files (x86)\Microsoft ASP.NET\ASP.NET Web Pages\v1.0\;C:\Program Files\Microsoft SQL Server\110\Tools\Binn\;C:\Program Files (x86)\Microsoft SQL Server\90\Tools\binn\;C:\Program Files\Microsoft SQL Server\110\DTS\Binn\;C:\Program Files (x86)\Microsoft SQL Server\110\Tools\Binn\;C:\Program Files (x86)\Microsoft SQL Server\110\Tools\Binn\ManagementStudio\;C:\Program Files (x86)\Microsoft Visual Studio 10.0\Common7\IDE\PrivateAssemblies\;C:\Program Files (x86)\Microsoft SQL Server\110\DTS\Binn\;C:\Program Files (x86)\Windows Kits\8.0\Windows Performance Toolkit\;C:\Program Files (x86)\Common Files\HP\Digital Imaging\bin;C:\Program Files (x86)\HP\Digital Imaging\bin\;C:\Program Files (x86)\HP\Digital Imaging\bin\Qt\Qt 4.3.3;C:\Windows\system32\wbem;C:\Program Files (x86)\IVT Corporation\BlueSoleil\Mobile;E:\download\IEDriver\IEDriverServer_x64_2.44.0;C:\Users\DESKTOP\Downloads\chromedriver_win32;C:\Program Files\Java\jdk1.8.0_25\bin;E:\apache-maven-3.2.3\bin;C:\Users\DESKTOP\workspace\chromedriver_win32;;C:\Users\DESKTOP\Downloads\New folder\eclipse-jee-luna-SR1-win32-x86_64\eclipse;;."/>
    <property name="java.specification.name" value="Java Platform API Specification"/>
    <property name="java.class.version" value="52.0"/>
    <property name="sun.management.compiler" value="HotSpot 64-Bit Tiered Compilers"/>
    <property name="os.version" value="6.1"/>
    <property name="user.home" value="C:\Users\DESKTOP"/>
    <property name="user.timezone" value="Europe/London"/>
    <property name="java.awt.printerjob" value="sun.awt.windows.WPrinterJob"/>
    <property name="java.specification.version" value="1.8"/>
    <property name="file.encoding" value="Cp1252"/>
    <property name="user.name" value="DESKTOP"/>
    <property name="java.class.path" value="/C:/Users/DESKTOP/Downloads/New folder/eclipse-jee-luna-SR1-win32-x86_64/eclipse/plugins/org.eclipse.m2e.maven.runtime_1.5.0.20140605-2032/jars/plexus-classworlds-2.5.1.jar"/>
    <property name="org.slf4j.simpleLogger.defaultLogLevel" value="info"/>
    <property name="java.vm.specification.version" value="1.8"/>
    <property name="sun.arch.data.model" value="64"/>
    <property name="java.home" value="C:\Program Files\Java\jdk1.8.0_25\jre"/>
    <property name="sun.java.command" value="org.codehaus.plexus.classworlds.launcher.Launcher -B test"/>
    <property name="java.specification.vendor" value="Oracle Corporation"/>
    <property name="user.language" value="en"/>
    <property name="awt.toolkit" value="sun.awt.windows.WToolkit"/>
    <property name="java.vm.info" value="mixed mode"/>
    <property name="java.version" value="1.8.0_25"/>
    <property name="java.ext.dirs" value="C:\Program Files\Java\jdk1.8.0_25\jre\lib\ext;C:\Windows\Sun\Java\lib\ext"/>
    <property name="sun.boot.class.path" value="C:\Program Files\Java\jdk1.8.0_25\jre\lib\resources.jar;C:\Program Files\Java\jdk1.8.0_25\jre\lib\rt.jar;C:\Program Files\Java\jdk1.8.0_25\jre\lib\sunrsasign.jar;C:\Program Files\Java\jdk1.8.0_25\jre\lib\jsse.jar;C:\Program Files\Java\jdk1.8.0_25\jre\lib\jce.jar;C:\Program Files\Java\jdk1.8.0_25\jre\lib\charsets.jar;C:\Program Files\Java\jdk1.8.0_25\jre\lib\jfr.jar;C:\Program Files\Java\jdk1.8.0_25\jre\classes"/>
    <property name="java.vendor" value="Oracle Corporation"/>
    <property name="maven.home" value="C:\Users\DESKTOP\workspace\TestArtifact\EMBEDDED"/>
    <property name="file.separator" value="\"/>
    <property name="java.vendor.url.bug" value="http://bugreport.sun.com/bugreport/"/>
    <property name="sun.cpu.endian" value="little"/>
    <property name="sun.io.unicode.encoding" value="UnicodeLittle"/>
    <property name="sun.desktop" value="windows"/>
    <property name="sun.cpu.isalist" value="amd64"/>
  </properties>
  <testcase classname="Scenario: Validate the login Message" name="Given I have the Google Website Opened" time="0"/>
  <testcase classname="Scenario: Validate the login Message" name="When I click Gmail Link on top right side of the window" time="0"/>
  <testcase classname="Scenario: Validate the login Message" name="And I fill username with &quot;Test123&quot;" time="0"/>
  <testcase classname="Scenario: Validate the login Message" name="And I fill password with &quot;Test&quot;" time="0"/>
  <testcase classname="Scenario: Validate the login Message" name="And I click on Login Button" time="0"/>
  <testcase classname="Scenario: Validate the login Message" name="Then I should see the error Message &quot;The email or password you entered is incorrect.&quot;" time="0"/>
  <testcase classname="Scenario: Validate the login Message" name="Scenario: Validate the login Message" time="0.001"/>
  <testcase classname="| a | a | a | a | a | January | 01 | 1978 | Male | 7424305275 | off | Uganda | on |  |" name="Given I have the Google Website Opened" time="0"/>
  <testcase classname="| a | a | a | a | a | January | 01 | 1978 | Male | 7424305275 | off | Uganda | on |  |" name="When I click Gmail Link on top right side of the window" time="0"/>
  <testcase classname="| a | a | a | a | a | January | 01 | 1978 | Male | 7424305275 | off | Uganda | on |  |" name="Then I should see the blabla page" time="0"/>
  <testcase classname="| a | a | a | a | a | January | 01 | 1978 | Male | 7424305275 | off | Uganda | on |  |" name="When I click on Create Account Link" time="0"/>
  <testcase classname="| a | a | a | a | a | January | 01 | 1978 | Male | 7424305275 | off | Uganda | on |  |" name="Then I should be navigated Google Create Account Page" time="0"/>
  <testcase classname="| a | a | a | a | a | January | 01 | 1978 | Male | 7424305275 | off | Uganda | on |  |" name="Given I am on the Google Create Account Page" time="0"/>
  <testcase classname="| a | a | a | a | a | January | 01 | 1978 | Male | 7424305275 | off | Uganda | on |  |" name="When I fill first name with a on Create Account Web part" time="0"/>
  <testcase classname="| a | a | a | a | a | January | 01 | 1978 | Male | 7424305275 | off | Uganda | on |  |" name="And I fill last name with a on Create Account Web part" time="0"/>
  <testcase classname="| a | a | a | a | a | January | 01 | 1978 | Male | 7424305275 | off | Uganda | on |  |" name="And I fill choose your name a on Create Account Web part" time="0"/>
  <testcase classname="| a | a | a | a | a | January | 01 | 1978 | Male | 7424305275 | off | Uganda | on |  |" name="And I fill create password with a on Create Account Web part" time="0"/>
  <testcase classname="| a | a | a | a | a | January | 01 | 1978 | Male | 7424305275 | off | Uganda | on |  |" name="And I fill confirm your password with a on Create Account Web part" time="0"/>
  <testcase classname="| a | a | a | a | a | January | 01 | 1978 | Male | 7424305275 | off | Uganda | on |  |" name="And I fill birthday month with January on Create Account Web part" time="0"/>
  <testcase classname="| a | a | a | a | a | January | 01 | 1978 | Male | 7424305275 | off | Uganda | on |  |" name="And I fill birthday day with 01 on Create Account Web part" time="0"/>
  <testcase classname="| a | a | a | a | a | January | 01 | 1978 | Male | 7424305275 | off | Uganda | on |  |" name="And I fill birthday year with 1978 on Create Account Web part" time="0"/>
  <testcase classname="| a | a | a | a | a | January | 01 | 1978 | Male | 7424305275 | off | Uganda | on |  |" name="And I fill gender with Male on Create Account Web part" time="0"/>
  <testcase classname="| a | a | a | a | a | January | 01 | 1978 | Male | 7424305275 | off | Uganda | on |  |" name="And I fill mobile phone number with 7424305275 on Create Account Web part" time="0"/>
  <testcase classname="| a | a | a | a | a | January | 01 | 1978 | Male | 7424305275 | off | Uganda | on |  |" name="And I set Set Google as my default homepage on off on Create Account Web part" time="0.001"/>
  <testcase classname="| a | a | a | a | a | January | 01 | 1978 | Male | 7424305275 | off | Uganda | on |  |" name="And I choose location Uganda on Create Account Web part" time="0"/>
  <testcase classname="| a | a | a | a | a | January | 01 | 1978 | Male | 7424305275 | off | Uganda | on |  |" name="And I set Google Terms and Conditions on on Create Account Web part" time="0"/>
  <testcase classname="| a | a | a | a | a | January | 01 | 1978 | Male | 7424305275 | off | Uganda | on |  |" name="And I Click on Submit button on Create Account Web part" time="0"/>
  <testcase classname="| a | a | a | a | a | January | 01 | 1978 | Male | 7424305275 | off | Uganda | on |  |" name="| a | a | a | a | a | January | 01 | 1978 | Male | 7424305275 | off | Uganda | on |  |" time="0"/>
</testsuite>